# JRE version: Java(TM) SE Runtime Environment (17.0.14+8) (build 17.0.14+8-LTS-191)
# Java VM: Java HotSpot(TM) 64-Bit Server VM (17.0.14+8-LTS-191, mixed mode, sharing, tiered, compressed oops, compressed class ptrs, g1 gc, windows-amd64)
GC Precious Log:
 CPUs: 12 total, 12 available
 Memory: 16332M
 Large Page Support: Disabled
 NUMA Support: Disabled
 Compressed Oops: Enabled (Zero based)
 Heap Region Size: 2M
 Heap Min Capacity: 8M
 Heap Initial Capacity: 256M
 Heap Max Capacity: 4G
 Pre-touch: Disabled
 Parallel Workers: 10
 Concurrent Workers: 3
 Concurrent Refinement Workers: 10
 Periodic GC: Disabled
Heap:
 garbage-first heap   total 434176K, used 365864K [0x0000000700000000, 0x0000000800000000)
  region size 2048K, 51 young (104448K), 6 survivors (12288K)
 Metaspace       used 168960K, committed 170368K, reserved 1245184K
  class space    used 21814K, committed 22464K, reserved 1048576K
GC Heap History (20 events):
Event: 77.340 GC heap before
{Heap before GC invocations=89 (full 0):
 garbage-first heap   total 434176K, used 381510K [0x0000000700000000, 0x0000000800000000)
  region size 2048K, 58 young (118784K), 2 survivors (4096K)
 Metaspace       used 165690K, committed 166912K, reserved 1245184K
  class space    used 21377K, committed 21952K, reserved 1048576K
}
Event: 77.344 GC heap after
{Heap after GC invocations=90 (full 0):
 garbage-first heap   total 434176K, used 267740K [0x0000000700000000, 0x0000000800000000)
  region size 2048K, 3 young (6144K), 3 survivors (6144K)
 Metaspace       used 165690K, committed 166912K, reserved 1245184K
  class space    used 21377K, committed 21952K, reserved 1048576K
}
Event: 77.680 GC heap before
{Heap before GC invocations=90 (full 0):
 garbage-first heap   total 434176K, used 378332K [0x0000000700000000, 0x0000000800000000)
  region size 2048K, 58 young (118784K), 3 survivors (6144K)
 Metaspace       used 165690K, committed 166912K, reserved 1245184K
  class space    used 21377K, committed 21952K, reserved 1048576K
}
Event: 77.684 GC heap after
{Heap after GC invocations=91 (full 0):
 garbage-first heap   total 434176K, used 268381K [0x0000000700000000, 0x0000000800000000)
  region size 2048K, 3 young (6144K), 3 survivors (6144K)
 Metaspace       used 165690K, committed 166912K, reserved 1245184K
  class space    used 21377K, committed 21952K, reserved 1048576K
}
Event: 77.936 GC heap before
{Heap before GC invocations=91 (full 0):
 garbage-first heap   total 434176K, used 381021K [0x0000000700000000, 0x0000000800000000)
  region size 2048K, 58 young (118784K), 3 survivors (6144K)
 Metaspace       used 165690K, committed 166912K, reserved 1245184K
  class space    used 21377K, committed 21952K, reserved 1048576K
}
Event: 77.941 GC heap after
{Heap after GC invocations=92 (full 0):
 garbage-first heap   total 434176K, used 269280K [0x0000000700000000, 0x0000000800000000)
  region size 2048K, 3 young (6144K), 3 survivors (6144K)
 Metaspace       used 165690K, committed 166912K, reserved 1245184K
  class space    used 21377K, committed 21952K, reserved 1048576K
}
Event: 78.194 GC heap before
{Heap before GC invocations=92 (full 0):
 garbage-first heap   total 434176K, used 381920K [0x0000000700000000, 0x0000000800000000)
  region size 2048K, 58 young (118784K), 3 survivors (6144K)
 Metaspace       used 165691K, committed 166912K, reserved 1245184K
  class space    used 21377K, committed 21952K, reserved 1048576K
}
Event: 78.197 GC heap after
{Heap after GC invocations=93 (full 0):
 garbage-first heap   total 434176K, used 269814K [0x0000000700000000, 0x0000000800000000)
  region size 2048K, 4 young (8192K), 4 survivors (8192K)
 Metaspace       used 165691K, committed 166912K, reserved 1245184K
  class space    used 21377K, committed 21952K, reserved 1048576K
}
Event: 78.775 GC heap before
{Heap before GC invocations=93 (full 0):
 garbage-first heap   total 434176K, used 376310K [0x0000000700000000, 0x0000000800000000)
  region size 2048K, 57 young (116736K), 4 survivors (8192K)
 Metaspace       used 165730K, committed 166976K, reserved 1245184K
  class space    used 21385K, committed 21952K, reserved 1048576K
}
Event: 78.777 GC heap after
{Heap after GC invocations=94 (full 0):
 garbage-first heap   total 434176K, used 265213K [0x0000000700000000, 0x0000000800000000)
  region size 2048K, 1 young (2048K), 1 survivors (2048K)
 Metaspace       used 165730K, committed 166976K, reserved 1245184K
  class space    used 21385K, committed 21952K, reserved 1048576K
}
Event: 79.455 GC heap before
{Heap before GC invocations=94 (full 0):
 garbage-first heap   total 434176K, used 383997K [0x0000000700000000, 0x0000000800000000)
  region size 2048K, 59 young (120832K), 1 survivors (2048K)
 Metaspace       used 165734K, committed 166976K, reserved 1245184K
  class space    used 21385K, committed 21952K, reserved 1048576K
}
Event: 79.458 GC heap after
{Heap after GC invocations=95 (full 0):
 garbage-first heap   total 434176K, used 264911K [0x0000000700000000, 0x0000000800000000)
  region size 2048K, 1 young (2048K), 1 survivors (2048K)
 Metaspace       used 165734K, committed 166976K, reserved 1245184K
  class space    used 21385K, committed 21952K, reserved 1048576K
}
Event: 80.041 GC heap before
{Heap before GC invocations=95 (full 0):
 garbage-first heap   total 434176K, used 381647K [0x0000000700000000, 0x0000000800000000)
  region size 2048K, 59 young (120832K), 1 survivors (2048K)
 Metaspace       used 165756K, committed 166976K, reserved 1245184K
  class space    used 21385K, committed 21952K, reserved 1048576K
}
Event: 80.043 GC heap after
{Heap after GC invocations=96 (full 0):
 garbage-first heap   total 434176K, used 267448K [0x0000000700000000, 0x0000000800000000)
  region size 2048K, 3 young (6144K), 3 survivors (6144K)
 Metaspace       used 165756K, committed 166976K, reserved 1245184K
  class space    used 21385K, committed 21952K, reserved 1048576K
}
Event: 82.047 GC heap before
{Heap before GC invocations=96 (full 0):
 garbage-first heap   total 434176K, used 378040K [0x0000000700000000, 0x0000000800000000)
  region size 2048K, 57 young (116736K), 3 survivors (6144K)
 Metaspace       used 167439K, committed 168640K, reserved 1245184K
  class space    used 21645K, committed 22208K, reserved 1048576K
}
Event: 82.052 GC heap after
{Heap after GC invocations=97 (full 0):
 garbage-first heap   total 434176K, used 271408K [0x0000000700000000, 0x0000000800000000)
  region size 2048K, 4 young (8192K), 4 survivors (8192K)
 Metaspace       used 167439K, committed 168640K, reserved 1245184K
  class space    used 21645K, committed 22208K, reserved 1048576K
}
Event: 84.556 GC heap before
{Heap before GC invocations=97 (full 0):
 garbage-first heap   total 434176K, used 375856K [0x0000000700000000, 0x0000000800000000)
  region size 2048K, 56 young (114688K), 4 survivors (8192K)
 Metaspace       used 168004K, committed 169280K, reserved 1245184K
  class space    used 21700K, committed 22272K, reserved 1048576K
}
Event: 84.563 GC heap after
{Heap after GC invocations=98 (full 0):
 garbage-first heap   total 434176K, used 273597K [0x0000000700000000, 0x0000000800000000)
  region size 2048K, 4 young (8192K), 4 survivors (8192K)
 Metaspace       used 168004K, committed 169280K, reserved 1245184K
  class space    used 21700K, committed 22272K, reserved 1048576K
}
Event: 87.797 GC heap before
{Heap before GC invocations=98 (full 0):
 garbage-first heap   total 434176K, used 375997K [0x0000000700000000, 0x0000000800000000)
  region size 2048K, 54 young (110592K), 4 survivors (8192K)
 Metaspace       used 168504K, committed 169792K, reserved 1245184K
  class space    used 21756K, committed 22336K, reserved 1048576K
}
Event: 87.807 GC heap after
{Heap after GC invocations=99 (full 0):
 garbage-first heap   total 434176K, used 277800K [0x0000000700000000, 0x0000000800000000)
  region size 2048K, 6 young (12288K), 6 survivors (12288K)
 Metaspace       used 168504K, committed 169792K, reserved 1245184K
  class space    used 21756K, committed 22336K, reserved 1048576K
}

