# JRE version: Java(TM) SE Runtime Environment (17.0.14+8) (build 17.0.14+8-LTS-191)
# Java VM: Java HotSpot(TM) 64-Bit Server VM (17.0.14+8-LTS-191, mixed mode, sharing, tiered, compressed oops, compressed class ptrs, g1 gc, windows-amd64)
GC Precious Log:
 CPUs: 12 total, 12 available
 Memory: 16332M
 Large Page Support: Disabled
 NUMA Support: Disabled
 Compressed Oops: Enabled (Zero based)
 Heap Region Size: 2M
 Heap Min Capacity: 8M
 Heap Initial Capacity: 256M
 Heap Max Capacity: 4G
 Pre-touch: Disabled
 Parallel Workers: 10
 Concurrent Workers: 3
 Concurrent Refinement Workers: 10
 Periodic GC: Disabled
Heap:
 garbage-first heap   total 374784K, used 172985K [0x0000000700000000, 0x0000000800000000)
  region size 2048K, 16 young (32768K), 8 survivors (16384K)
 Metaspace       used 97051K, committed 98368K, reserved 1179648K
  class space    used 13711K, committed 14336K, reserved 1048576K
GC Heap History (20 events):
Event: 45.322 GC heap before
{Heap before GC invocations=41 (full 0):
 garbage-first heap   total 178176K, used 107623K [0x0000000700000000, 0x0000000800000000)
  region size 2048K, 4 young (8192K), 2 survivors (4096K)
 Metaspace       used 78148K, committed 79040K, reserved 1179648K
  class space    used 10958K, committed 11392K, reserved 1048576K
}
Event: 45.327 GC heap after
{Heap after GC invocations=42 (full 0):
 garbage-first heap   total 178176K, used 103206K [0x0000000700000000, 0x0000000800000000)
  region size 2048K, 1 young (2048K), 1 survivors (2048K)
 Metaspace       used 78148K, committed 79040K, reserved 1179648K
  class space    used 10958K, committed 11392K, reserved 1048576K
}
Event: 46.680 GC heap before
{Heap before GC invocations=42 (full 0):
 garbage-first heap   total 178176K, used 133926K [0x0000000700000000, 0x0000000800000000)
  region size 2048K, 18 young (36864K), 1 survivors (2048K)
 Metaspace       used 80185K, committed 81024K, reserved 1179648K
  class space    used 11235K, committed 11648K, reserved 1048576K
}
Event: 46.687 GC heap after
{Heap after GC invocations=43 (full 0):
 garbage-first heap   total 178176K, used 104968K [0x0000000700000000, 0x0000000800000000)
  region size 2048K, 2 young (4096K), 2 survivors (4096K)
 Metaspace       used 80185K, committed 81024K, reserved 1179648K
  class space    used 11235K, committed 11648K, reserved 1048576K
}
Event: 47.447 GC heap before
{Heap before GC invocations=44 (full 0):
 garbage-first heap   total 192512K, used 141832K [0x0000000700000000, 0x0000000800000000)
  region size 2048K, 19 young (38912K), 2 survivors (4096K)
 Metaspace       used 81143K, committed 82048K, reserved 1179648K
  class space    used 11354K, committed 11776K, reserved 1048576K
}
Event: 47.453 GC heap after
{Heap after GC invocations=45 (full 0):
 garbage-first heap   total 192512K, used 112186K [0x0000000700000000, 0x0000000800000000)
  region size 2048K, 3 young (6144K), 3 survivors (6144K)
 Metaspace       used 81143K, committed 82048K, reserved 1179648K
  class space    used 11354K, committed 11776K, reserved 1048576K
}
Event: 47.481 GC heap before
{Heap before GC invocations=45 (full 0):
 garbage-first heap   total 192512K, used 114234K [0x0000000700000000, 0x0000000800000000)
  region size 2048K, 4 young (8192K), 3 survivors (6144K)
 Metaspace       used 81154K, committed 82048K, reserved 1179648K
  class space    used 11356K, committed 11776K, reserved 1048576K
}
Event: 47.490 GC heap after
{Heap after GC invocations=46 (full 0):
 garbage-first heap   total 192512K, used 112240K [0x0000000700000000, 0x0000000800000000)
  region size 2048K, 1 young (2048K), 1 survivors (2048K)
 Metaspace       used 81154K, committed 82048K, reserved 1179648K
  class space    used 11356K, committed 11776K, reserved 1048576K
}
Event: 48.285 GC heap before
{Heap before GC invocations=46 (full 0):
 garbage-first heap   total 192512K, used 153200K [0x0000000700000000, 0x0000000800000000)
  region size 2048K, 21 young (43008K), 1 survivors (2048K)
 Metaspace       used 81335K, committed 82240K, reserved 1179648K
  class space    used 11388K, committed 11840K, reserved 1048576K
}
Event: 48.291 GC heap after
{Heap after GC invocations=47 (full 0):
 garbage-first heap   total 374784K, used 114110K [0x0000000700000000, 0x0000000800000000)
  region size 2048K, 2 young (4096K), 2 survivors (4096K)
 Metaspace       used 81335K, committed 82240K, reserved 1179648K
  class space    used 11388K, committed 11840K, reserved 1048576K
}
Event: 54.193 GC heap before
{Heap before GC invocations=48 (full 0):
 garbage-first heap   total 374784K, used 275902K [0x0000000700000000, 0x0000000800000000)
  region size 2048K, 79 young (161792K), 2 survivors (4096K)
 Metaspace       used 88013K, committed 88960K, reserved 1179648K
  class space    used 12431K, committed 12864K, reserved 1048576K
}
Event: 54.203 GC heap after
{Heap after GC invocations=49 (full 0):
 garbage-first heap   total 374784K, used 134484K [0x0000000700000000, 0x0000000800000000)
  region size 2048K, 9 young (18432K), 9 survivors (18432K)
 Metaspace       used 88013K, committed 88960K, reserved 1179648K
  class space    used 12431K, committed 12864K, reserved 1048576K
}
Event: 54.238 GC heap before
{Heap before GC invocations=49 (full 0):
 garbage-first heap   total 374784K, used 134484K [0x0000000700000000, 0x0000000800000000)
  region size 2048K, 10 young (20480K), 9 survivors (18432K)
 Metaspace       used 88111K, committed 89024K, reserved 1179648K
  class space    used 12453K, committed 12864K, reserved 1048576K
}
Event: 54.247 GC heap after
{Heap after GC invocations=50 (full 0):
 garbage-first heap   total 374784K, used 134744K [0x0000000700000000, 0x0000000800000000)
  region size 2048K, 1 young (2048K), 1 survivors (2048K)
 Metaspace       used 88111K, committed 89024K, reserved 1179648K
  class space    used 12453K, committed 12864K, reserved 1048576K
}
Event: 57.192 GC heap before
{Heap before GC invocations=50 (full 0):
 garbage-first heap   total 374784K, used 280152K [0x0000000700000000, 0x0000000800000000)
  region size 2048K, 72 young (147456K), 1 survivors (2048K)
 Metaspace       used 94713K, committed 95808K, reserved 1179648K
  class space    used 13360K, committed 13888K, reserved 1048576K
}
Event: 57.201 GC heap after
{Heap after GC invocations=51 (full 0):
 garbage-first heap   total 374784K, used 142751K [0x0000000700000000, 0x0000000800000000)
  region size 2048K, 5 young (10240K), 5 survivors (10240K)
 Metaspace       used 94713K, committed 95808K, reserved 1179648K
  class space    used 13360K, committed 13888K, reserved 1048576K
}
Event: 62.190 GC heap before
{Heap before GC invocations=51 (full 0):
 garbage-first heap   total 374784K, used 286111K [0x0000000700000000, 0x0000000800000000)
  region size 2048K, 75 young (153600K), 5 survivors (10240K)
 Metaspace       used 94940K, committed 96000K, reserved 1179648K
  class space    used 13381K, committed 13888K, reserved 1048576K
}
Event: 62.196 GC heap after
{Heap after GC invocations=52 (full 0):
 garbage-first heap   total 374784K, used 146372K [0x0000000700000000, 0x0000000800000000)
  region size 2048K, 7 young (14336K), 7 survivors (14336K)
 Metaspace       used 94940K, committed 96000K, reserved 1179648K
  class space    used 13381K, committed 13888K, reserved 1048576K
}
Event: 71.507 GC heap before
{Heap before GC invocations=52 (full 0):
 garbage-first heap   total 374784K, used 293828K [0x0000000700000000, 0x0000000800000000)
  region size 2048K, 79 young (161792K), 7 survivors (14336K)
 Metaspace       used 96885K, committed 98112K, reserved 1179648K
  class space    used 13691K, committed 14272K, reserved 1048576K
}
Event: 71.524 GC heap after
{Heap after GC invocations=53 (full 0):
 garbage-first heap   total 374784K, used 158649K [0x0000000700000000, 0x0000000800000000)
  region size 2048K, 8 young (16384K), 8 survivors (16384K)
 Metaspace       used 96885K, committed 98112K, reserved 1179648K
  class space    used 13691K, committed 14272K, reserved 1048576K
}

